# JRE version: OpenJDK Runtime Environment (11.0.8+10) (build 11.0.8+10-b944.6842174)
# Java VM: OpenJDK 64-Bit Server VM (11.0.8+10-b944.6842174, mixed mode, tiered, compressed oops, g1 gc, windows-amd64)
Heap:
 garbage-first heap   total 789504K, used 308565K [0x0000000080000000, 0x0000000100000000)
  region size 1024K, 7 young (7168K), 7 survivors (7168K)
 Metaspace       used 145859K, capacity 149785K, committed 149964K, reserved 1179648K
  class space    used 17708K, capacity 19061K, committed 19148K, reserved 1048576K
GC Heap History (20 events):
Event: 146.103 GC heap after
{Heap after GC invocations=105 (full 0):
 garbage-first heap   total 393216K, used 236440K [0x0000000080000000, 0x0000000100000000)
  region size 1024K, 9 young (9216K), 9 survivors (9216K)
 Metaspace       used 143280K, capacity 147073K, committed 147276K, reserved 1177600K
  class space    used 17404K, capacity 18703K, committed 18764K, reserved 1048576K
}
Event: 146.908 GC heap before
{Heap before GC invocations=105 (full 0):
 garbage-first heap   total 393216K, used 343960K [0x0000000080000000, 0x0000000100000000)
  region size 1024K, 114 young (116736K), 9 survivors (9216K)
 Metaspace       used 143578K, capacity 147365K, committed 147532K, reserved 1177600K
  class space    used 17439K, capacity 18736K, committed 18764K, reserved 1048576K
}
Event: 146.932 GC heap after
{Heap after GC invocations=106 (full 0):
 garbage-first heap   total 393216K, used 240041K [0x0000000080000000, 0x0000000100000000)
  region size 1024K, 12 young (12288K), 12 survivors (12288K)
 Metaspace       used 143578K, capacity 147365K, committed 147532K, reserved 1177600K
  class space    used 17439K, capacity 18736K, committed 18764K, reserved 1048576K
}
Event: 147.401 GC heap before
{Heap before GC invocations=106 (full 0):
 garbage-first heap   total 393216K, used 338345K [0x0000000080000000, 0x0000000100000000)
  region size 1024K, 109 young (111616K), 12 survivors (12288K)
 Metaspace       used 143814K, capacity 147593K, committed 147916K, reserved 1177600K
  class space    used 17456K, capacity 18769K, committed 18892K, reserved 1048576K
}
Event: 147.415 GC heap after
{Heap after GC invocations=107 (full 0):
 garbage-first heap   total 393216K, used 237119K [0x0000000080000000, 0x0000000100000000)
  region size 1024K, 2 young (2048K), 2 survivors (2048K)
 Metaspace       used 143814K, capacity 147593K, committed 147916K, reserved 1177600K
  class space    used 17456K, capacity 18769K, committed 18892K, reserved 1048576K
}
Event: 148.136 GC heap before
{Heap before GC invocations=107 (full 0):
 garbage-first heap   total 393216K, used 339519K [0x0000000080000000, 0x0000000100000000)
  region size 1024K, 103 young (105472K), 2 survivors (2048K)
 Metaspace       used 143874K, capacity 147670K, committed 147916K, reserved 1177600K
  class space    used 17458K, capacity 18771K, committed 18892K, reserved 1048576K
}
Event: 148.142 GC heap after
{Heap after GC invocations=108 (full 0):
 garbage-first heap   total 393216K, used 236918K [0x0000000080000000, 0x0000000100000000)
  region size 1024K, 2 young (2048K), 2 survivors (2048K)
 Metaspace       used 143874K, capacity 147670K, committed 147916K, reserved 1177600K
  class space    used 17458K, capacity 18771K, committed 18892K, reserved 1048576K
}
Event: 148.617 GC heap before
{Heap before GC invocations=108 (full 0):
 garbage-first heap   total 393216K, used 309622K [0x0000000080000000, 0x0000000100000000)
  region size 1024K, 57 young (58368K), 2 survivors (2048K)
 Metaspace       used 144414K, capacity 148233K, committed 148428K, reserved 1179648K
  class space    used 17533K, capacity 18850K, committed 18892K, reserved 1048576K
}
Event: 148.632 GC heap after
{Heap after GC invocations=109 (full 0):
 garbage-first heap   total 393216K, used 261793K [0x0000000080000000, 0x0000000100000000)
  region size 1024K, 11 young (11264K), 11 survivors (11264K)
 Metaspace       used 144414K, capacity 148233K, committed 148428K, reserved 1179648K
  class space    used 17533K, capacity 18850K, committed 18892K, reserved 1048576K
}
Event: 149.279 GC heap before
{Heap before GC invocations=109 (full 0):
 garbage-first heap   total 393216K, used 326305K [0x0000000080000000, 0x0000000100000000)
  region size 1024K, 84 young (86016K), 11 survivors (11264K)
 Metaspace       used 144511K, capacity 148303K, committed 148428K, reserved 1179648K
  class space    used 17537K, capacity 18851K, committed 18892K, reserved 1048576K
}
Event: 149.347 GC heap after
{Heap after GC invocations=110 (full 0):
 garbage-first heap   total 393216K, used 269689K [0x0000000080000000, 0x0000000100000000)
  region size 1024K, 11 young (11264K), 11 survivors (11264K)
 Metaspace       used 144511K, capacity 148303K, committed 148428K, reserved 1179648K
  class space    used 17537K, capacity 18851K, committed 18892K, reserved 1048576K
}
Event: 149.956 GC heap before
{Heap before GC invocations=111 (full 0):
 garbage-first heap   total 393216K, used 326009K [0x0000000080000000, 0x0000000100000000)
  region size 1024K, 67 young (68608K), 11 survivors (11264K)
 Metaspace       used 145001K, capacity 148777K, committed 149068K, reserved 1179648K
  class space    used 17581K, capacity 18899K, committed 19020K, reserved 1048576K
}
Event: 150.073 GC heap after
{Heap after GC invocations=112 (full 0):
 garbage-first heap   total 461824K, used 295936K [0x0000000080000000, 0x0000000100000000)
  region size 1024K, 9 young (9216K), 9 survivors (9216K)
 Metaspace       used 145001K, capacity 148777K, committed 149068K, reserved 1179648K
  class space    used 17581K, capacity 18899K, committed 19020K, reserved 1048576K
}
Event: 150.175 GC heap before
{Heap before GC invocations=112 (full 0):
 garbage-first heap   total 461824K, used 309248K [0x0000000080000000, 0x0000000100000000)
  region size 1024K, 22 young (22528K), 9 survivors (9216K)
 Metaspace       used 145001K, capacity 148777K, committed 149068K, reserved 1179648K
  class space    used 17581K, capacity 18899K, committed 19020K, reserved 1048576K
}
Event: 150.242 GC heap after
{Heap after GC invocations=113 (full 0):
 garbage-first heap   total 461824K, used 259584K [0x0000000080000000, 0x0000000100000000)
  region size 1024K, 3 young (3072K), 3 survivors (3072K)
 Metaspace       used 145001K, capacity 148777K, committed 149068K, reserved 1179648K
  class space    used 17581K, capacity 18899K, committed 19020K, reserved 1048576K
}
Event: 150.359 GC heap before
{Heap before GC invocations=113 (full 0):
 garbage-first heap   total 461824K, used 279040K [0x0000000080000000, 0x0000000100000000)
  region size 1024K, 22 young (22528K), 3 survivors (3072K)
 Metaspace       used 145006K, capacity 148777K, committed 149068K, reserved 1179648K
  class space    used 17581K, capacity 18899K, committed 19020K, reserved 1048576K
}
Event: 150.401 GC heap after
{Heap after GC invocations=114 (full 0):
 garbage-first heap   total 461824K, used 265216K [0x0000000080000000, 0x0000000100000000)
  region size 1024K, 3 young (3072K), 3 survivors (3072K)
 Metaspace       used 145006K, capacity 148777K, committed 149068K, reserved 1179648K
  class space    used 17581K, capacity 18899K, committed 19020K, reserved 1048576K
}
Event: 151.199 GC heap before
{Heap before GC invocations=114 (full 0):
 garbage-first heap   total 461824K, used 343040K [0x0000000080000000, 0x0000000100000000)
  region size 1024K, 79 young (80896K), 3 survivors (3072K)
 Metaspace       used 145700K, capacity 149464K, committed 149580K, reserved 1179648K
  class space    used 17679K, capacity 18997K, committed 19020K, reserved 1048576K
}
Event: 151.277 GC heap after
{Heap after GC invocations=115 (full 0):
 garbage-first heap   total 461824K, used 296448K [0x0000000080000000, 0x0000000100000000)
  region size 1024K, 10 young (10240K), 10 survivors (10240K)
 Metaspace       used 145700K, capacity 149464K, committed 149580K, reserved 1179648K
  class space    used 17679K, capacity 18997K, committed 19020K, reserved 1048576K
}
Event: 152.241 GC heap before
{Heap before GC invocations=115 (full 0):
 garbage-first heap   total 461824K, used 360960K [0x0000000080000000, 0x0000000100000000)
  region size 1024K, 70 young (71680K), 10 survivors (10240K)
 Metaspace       used 145859K, capacity 149785K, committed 149964K, reserved 1179648K
  class space    used 17708K, capacity 19061K, committed 19148K, reserved 1048576K
}

