# JRE version: OpenJDK Runtime Environment (11.0.8+10) (build 11.0.8+10-b944.6842174)
# Java VM: OpenJDK 64-Bit Server VM (11.0.8+10-b944.6842174, mixed mode, tiered, compressed oops, g1 gc, windows-amd64)
Heap:
 garbage-first heap   total 732160K, used 341329K [0x0000000080000000, 0x0000000100000000)
  region size 1024K, 5 young (5120K), 5 survivors (5120K)
 Metaspace       used 196577K, capacity 202189K, committed 202364K, reserved 1224704K
  class space    used 24352K, capacity 26290K, committed 26368K, reserved 1048576K
GC Heap History (20 events):
Event: 5307.208 GC heap after
{Heap after GC invocations=166 (full 0):
 garbage-first heap   total 344064K, used 223161K [0x0000000080000000, 0x0000000100000000)
  region size 1024K, 13 young (13312K), 13 survivors (13312K)
 Metaspace       used 195527K, capacity 201167K, committed 201340K, reserved 1224704K
  class space    used 24294K, capacity 26243K, committed 26368K, reserved 1048576K
}
Event: 5307.571 GC heap before
{Heap before GC invocations=167 (full 0):
 garbage-first heap   total 344064K, used 285625K [0x0000000080000000, 0x0000000100000000)
  region size 1024K, 73 young (74752K), 13 survivors (13312K)
 Metaspace       used 195949K, capacity 201547K, committed 201852K, reserved 1224704K
  class space    used 24341K, capacity 26285K, committed 26368K, reserved 1048576K
}
Event: 5307.628 GC heap after
{Heap after GC invocations=168 (full 0):
 garbage-first heap   total 344064K, used 239279K [0x0000000080000000, 0x0000000100000000)
  region size 1024K, 10 young (10240K), 10 survivors (10240K)
 Metaspace       used 195949K, capacity 201547K, committed 201852K, reserved 1224704K
  class space    used 24341K, capacity 26285K, committed 26368K, reserved 1048576K
}
Event: 5307.661 GC heap before
{Heap before GC invocations=168 (full 0):
 garbage-first heap   total 344064K, used 245423K [0x0000000080000000, 0x0000000100000000)
  region size 1024K, 16 young (16384K), 10 survivors (10240K)
 Metaspace       used 195949K, capacity 201547K, committed 201852K, reserved 1224704K
  class space    used 24341K, capacity 26285K, committed 26368K, reserved 1048576K
}
Event: 5307.698 GC heap after
{Heap after GC invocations=169 (full 0):
 garbage-first heap   total 344064K, used 241152K [0x0000000080000000, 0x0000000100000000)
  region size 1024K, 2 young (2048K), 2 survivors (2048K)
 Metaspace       used 195949K, capacity 201547K, committed 201852K, reserved 1224704K
  class space    used 24341K, capacity 26285K, committed 26368K, reserved 1048576K
}
Event: 5308.174 GC heap before
{Heap before GC invocations=169 (full 0):
 garbage-first heap   total 344064K, used 284160K [0x0000000080000000, 0x0000000100000000)
  region size 1024K, 44 young (45056K), 2 survivors (2048K)
 Metaspace       used 196335K, capacity 201961K, committed 202108K, reserved 1224704K
  class space    used 24352K, capacity 26290K, committed 26368K, reserved 1048576K
}
Event: 5308.223 GC heap after
{Heap after GC invocations=170 (full 0):
 garbage-first heap   total 344064K, used 258048K [0x0000000080000000, 0x0000000100000000)
  region size 1024K, 6 young (6144K), 6 survivors (6144K)
 Metaspace       used 196335K, capacity 201961K, committed 202108K, reserved 1224704K
  class space    used 24352K, capacity 26290K, committed 26368K, reserved 1048576K
}
Event: 5308.488 GC heap before
{Heap before GC invocations=170 (full 0):
 garbage-first heap   total 344064K, used 286720K [0x0000000080000000, 0x0000000100000000)
  region size 1024K, 35 young (35840K), 6 survivors (6144K)
 Metaspace       used 196360K, capacity 201963K, committed 202108K, reserved 1224704K
  class space    used 24352K, capacity 26290K, committed 26368K, reserved 1048576K
}
Event: 5308.541 GC heap after
{Heap after GC invocations=171 (full 0):
 garbage-first heap   total 344064K, used 275968K [0x0000000080000000, 0x0000000100000000)
  region size 1024K, 5 young (5120K), 5 survivors (5120K)
 Metaspace       used 196360K, capacity 201963K, committed 202108K, reserved 1224704K
  class space    used 24352K, capacity 26290K, committed 26368K, reserved 1048576K
}
Event: 5308.616 GC heap before
{Heap before GC invocations=171 (full 0):
 garbage-first heap   total 344064K, used 291328K [0x0000000080000000, 0x0000000100000000)
  region size 1024K, 20 young (20480K), 5 survivors (5120K)
 Metaspace       used 196361K, capacity 201963K, committed 202108K, reserved 1224704K
  class space    used 24352K, capacity 26290K, committed 26368K, reserved 1048576K
}
Event: 5308.647 GC heap after
{Heap after GC invocations=172 (full 0):
 garbage-first heap   total 344064K, used 285184K [0x0000000080000000, 0x0000000100000000)
  region size 1024K, 3 young (3072K), 3 survivors (3072K)
 Metaspace       used 196361K, capacity 201963K, committed 202108K, reserved 1224704K
  class space    used 24352K, capacity 26290K, committed 26368K, reserved 1048576K
}
Event: 5308.708 GC heap before
{Heap before GC invocations=172 (full 0):
 garbage-first heap   total 344064K, used 298496K [0x0000000080000000, 0x0000000100000000)
  region size 1024K, 16 young (16384K), 3 survivors (3072K)
 Metaspace       used 196362K, capacity 201963K, committed 202108K, reserved 1224704K
  class space    used 24352K, capacity 26290K, committed 26368K, reserved 1048576K
}
Event: 5308.734 GC heap after
{Heap after GC invocations=173 (full 0):
 garbage-first heap   total 447488K, used 293888K [0x0000000080000000, 0x0000000100000000)
  region size 1024K, 2 young (2048K), 2 survivors (2048K)
 Metaspace       used 196362K, capacity 201963K, committed 202108K, reserved 1224704K
  class space    used 24352K, capacity 26290K, committed 26368K, reserved 1048576K
}
Event: 5309.451 GC heap before
{Heap before GC invocations=173 (full 0):
 garbage-first heap   total 447488K, used 348160K [0x0000000080000000, 0x0000000100000000)
  region size 1024K, 55 young (56320K), 2 survivors (2048K)
 Metaspace       used 196470K, capacity 202108K, committed 202364K, reserved 1224704K
  class space    used 24352K, capacity 26290K, committed 26368K, reserved 1048576K
}
Event: 5309.513 GC heap after
{Heap after GC invocations=174 (full 0):
 garbage-first heap   total 447488K, used 321994K [0x0000000080000000, 0x0000000100000000)
  region size 1024K, 7 young (7168K), 7 survivors (7168K)
 Metaspace       used 196470K, capacity 202108K, committed 202364K, reserved 1224704K
  class space    used 24352K, capacity 26290K, committed 26368K, reserved 1048576K
}
Event: 5309.830 GC heap before
{Heap before GC invocations=175 (full 0):
 garbage-first heap   total 447488K, used 358858K [0x0000000080000000, 0x0000000100000000)
  region size 1024K, 44 young (45056K), 7 survivors (7168K)
 Metaspace       used 196494K, capacity 202114K, committed 202364K, reserved 1224704K
  class space    used 24352K, capacity 26290K, committed 26368K, reserved 1048576K
}
Event: 5309.877 GC heap after
{Heap after GC invocations=176 (full 0):
 garbage-first heap   total 447488K, used 329216K [0x0000000080000000, 0x0000000100000000)
  region size 1024K, 6 young (6144K), 6 survivors (6144K)
 Metaspace       used 196494K, capacity 202114K, committed 202364K, reserved 1224704K
  class space    used 24352K, capacity 26290K, committed 26368K, reserved 1048576K
}
Event: 5310.147 GC heap before
{Heap before GC invocations=176 (full 0):
 garbage-first heap   total 447488K, used 348672K [0x0000000080000000, 0x0000000100000000)
  region size 1024K, 27 young (27648K), 6 survivors (6144K)
 Metaspace       used 196568K, capacity 202189K, committed 202364K, reserved 1224704K
  class space    used 24352K, capacity 26290K, committed 26368K, reserved 1048576K
}
Event: 5310.171 GC heap after
{Heap after GC invocations=177 (full 0):
 garbage-first heap   total 447488K, used 332321K [0x0000000080000000, 0x0000000100000000)
  region size 1024K, 3 young (3072K), 3 survivors (3072K)
 Metaspace       used 196568K, capacity 202189K, committed 202364K, reserved 1224704K
  class space    used 24352K, capacity 26290K, committed 26368K, reserved 1048576K
}
Event: 5311.047 GC heap before
{Heap before GC invocations=177 (full 0):
 garbage-first heap   total 447488K, used 371233K [0x0000000080000000, 0x0000000100000000)
  region size 1024K, 37 young (37888K), 3 survivors (3072K)
 Metaspace       used 196577K, capacity 202189K, committed 202364K, reserved 1224704K
  class space    used 24352K, capacity 26290K, committed 26368K, reserved 1048576K
}

