# JRE version: OpenJDK Runtime Environment (11.0.8+10) (build 11.0.8+10-b944.6842174)
# Java VM: OpenJDK 64-Bit Server VM (11.0.8+10-b944.6842174, mixed mode, tiered, compressed oops, g1 gc, windows-amd64)
Heap:
 garbage-first heap   total 326656K, used 180736K [0x0000000080000000, 0x0000000100000000)
  region size 1024K, 4 young (4096K), 4 survivors (4096K)
 Metaspace       used 89717K, capacity 91702K, committed 91776K, reserved 1128448K
  class space    used 11661K, capacity 12373K, committed 12416K, reserved 1048576K
GC Heap History (20 events):
Event: 15.654 GC heap after
{Heap after GC invocations=29 (full 0):
 garbage-first heap   total 165888K, used 74952K [0x0000000080000000, 0x0000000100000000)
  region size 1024K, 8 young (8192K), 8 survivors (8192K)
 Metaspace       used 79480K, capacity 81340K, committed 81536K, reserved 1120256K
  class space    used 10245K, capacity 10871K, committed 10880K, reserved 1048576K
}
Event: 16.447 GC heap before
{Heap before GC invocations=29 (full 0):
 garbage-first heap   total 165888K, used 131272K [0x0000000080000000, 0x0000000100000000)
  region size 1024K, 64 young (65536K), 8 survivors (8192K)
 Metaspace       used 81487K, capacity 83382K, committed 83456K, reserved 1122304K
  class space    used 10513K, capacity 11195K, committed 11264K, reserved 1048576K
}
Event: 16.464 GC heap after
{Heap after GC invocations=30 (full 0):
 garbage-first heap   total 165888K, used 77997K [0x0000000080000000, 0x0000000100000000)
  region size 1024K, 7 young (7168K), 7 survivors (7168K)
 Metaspace       used 81487K, capacity 83382K, committed 83456K, reserved 1122304K
  class space    used 10513K, capacity 11195K, committed 11264K, reserved 1048576K
}
Event: 17.740 GC heap before
{Heap before GC invocations=30 (full 0):
 garbage-first heap   total 165888K, used 133293K [0x0000000080000000, 0x0000000100000000)
  region size 1024K, 62 young (63488K), 7 survivors (7168K)
 Metaspace       used 84172K, capacity 86007K, committed 86016K, reserved 1124352K
  class space    used 10824K, capacity 11515K, committed 11520K, reserved 1048576K
}
Event: 17.760 GC heap after
{Heap after GC invocations=31 (full 0):
 garbage-first heap   total 199680K, used 82915K [0x0000000080000000, 0x0000000100000000)
  region size 1024K, 8 young (8192K), 8 survivors (8192K)
 Metaspace       used 84172K, capacity 86007K, committed 86016K, reserved 1124352K
  class space    used 10824K, capacity 11515K, committed 11520K, reserved 1048576K
}
Event: 18.706 GC heap before
{Heap before GC invocations=31 (full 0):
 garbage-first heap   total 199680K, used 160739K [0x0000000080000000, 0x0000000100000000)
  region size 1024K, 76 young (77824K), 8 survivors (8192K)
 Metaspace       used 85912K, capacity 87902K, committed 88064K, reserved 1126400K
  class space    used 11061K, capacity 11771K, committed 11776K, reserved 1048576K
}
Event: 18.740 GC heap after
{Heap after GC invocations=32 (full 0):
 garbage-first heap   total 199680K, used 103779K [0x0000000080000000, 0x0000000100000000)
  region size 1024K, 10 young (10240K), 10 survivors (10240K)
 Metaspace       used 85912K, capacity 87902K, committed 88064K, reserved 1126400K
  class space    used 11061K, capacity 11771K, committed 11776K, reserved 1048576K
}
Event: 18.898 GC heap before
{Heap before GC invocations=32 (full 0):
 garbage-first heap   total 199680K, used 117091K [0x0000000080000000, 0x0000000100000000)
  region size 1024K, 24 young (24576K), 10 survivors (10240K)
 Metaspace       used 86960K, capacity 88980K, committed 89088K, reserved 1126400K
  class space    used 11219K, capacity 11941K, committed 12032K, reserved 1048576K
}
Event: 18.923 GC heap after
{Heap after GC invocations=33 (full 0):
 garbage-first heap   total 199680K, used 107257K [0x0000000080000000, 0x0000000100000000)
  region size 1024K, 3 young (3072K), 3 survivors (3072K)
 Metaspace       used 86960K, capacity 88980K, committed 89088K, reserved 1126400K
  class space    used 11219K, capacity 11941K, committed 12032K, reserved 1048576K
}
Event: 19.587 GC heap before
{Heap before GC invocations=34 (full 0):
 garbage-first heap   total 199680K, used 164601K [0x0000000080000000, 0x0000000100000000)
  region size 1024K, 42 young (43008K), 3 survivors (3072K)
 Metaspace       used 87762K, capacity 89733K, committed 89984K, reserved 1126400K
  class space    used 11310K, capacity 12021K, committed 12160K, reserved 1048576K
}
Event: 19.615 GC heap after
{Heap after GC invocations=35 (full 0):
 garbage-first heap   total 199680K, used 129783K [0x0000000080000000, 0x0000000100000000)
  region size 1024K, 6 young (6144K), 6 survivors (6144K)
 Metaspace       used 87762K, capacity 89733K, committed 89984K, reserved 1126400K
  class space    used 11310K, capacity 12021K, committed 12160K, reserved 1048576K
}
Event: 19.701 GC heap before
{Heap before GC invocations=35 (full 0):
 garbage-first heap   total 199680K, used 144119K [0x0000000080000000, 0x0000000100000000)
  region size 1024K, 21 young (21504K), 6 survivors (6144K)
 Metaspace       used 87766K, capacity 89733K, committed 89984K, reserved 1126400K
  class space    used 11310K, capacity 12021K, committed 12160K, reserved 1048576K
}
Event: 19.730 GC heap after
{Heap after GC invocations=36 (full 0):
 garbage-first heap   total 239616K, used 134835K [0x0000000080000000, 0x0000000100000000)
  region size 1024K, 5 young (5120K), 5 survivors (5120K)
 Metaspace       used 87766K, capacity 89733K, committed 89984K, reserved 1126400K
  class space    used 11310K, capacity 12021K, committed 12160K, reserved 1048576K
}
Event: 20.363 GC heap before
{Heap before GC invocations=37 (full 0):
 garbage-first heap   total 239616K, used 172723K [0x0000000080000000, 0x0000000100000000)
  region size 1024K, 40 young (40960K), 5 survivors (5120K)
 Metaspace       used 89623K, capacity 91628K, committed 91776K, reserved 1128448K
  class space    used 11661K, capacity 12373K, committed 12416K, reserved 1048576K
}
Event: 20.408 GC heap after
{Heap after GC invocations=38 (full 0):
 garbage-first heap   total 239616K, used 146947K [0x0000000080000000, 0x0000000100000000)
  region size 1024K, 5 young (5120K), 5 survivors (5120K)
 Metaspace       used 89623K, capacity 91628K, committed 91776K, reserved 1128448K
  class space    used 11661K, capacity 12373K, committed 12416K, reserved 1048576K
}
Event: 20.471 GC heap before
{Heap before GC invocations=38 (full 0):
 garbage-first heap   total 239616K, used 153091K [0x0000000080000000, 0x0000000100000000)
  region size 1024K, 11 young (11264K), 5 survivors (5120K)
 Metaspace       used 89660K, capacity 91698K, committed 91776K, reserved 1128448K
  class space    used 11661K, capacity 12373K, committed 12416K, reserved 1048576K
}
Event: 20.499 GC heap after
{Heap after GC invocations=39 (full 0):
 garbage-first heap   total 239616K, used 150528K [0x0000000080000000, 0x0000000100000000)
  region size 1024K, 2 young (2048K), 2 survivors (2048K)
 Metaspace       used 89660K, capacity 91698K, committed 91776K, reserved 1128448K
  class space    used 11661K, capacity 12373K, committed 12416K, reserved 1048576K
}
Event: 20.702 GC heap before
{Heap before GC invocations=39 (full 0):
 garbage-first heap   total 239616K, used 181248K [0x0000000080000000, 0x0000000100000000)
  region size 1024K, 32 young (32768K), 2 survivors (2048K)
 Metaspace       used 89705K, capacity 91701K, committed 91776K, reserved 1128448K
  class space    used 11661K, capacity 12373K, committed 12416K, reserved 1048576K
}
Event: 20.735 GC heap after
{Heap after GC invocations=40 (full 0):
 garbage-first heap   total 239616K, used 166912K [0x0000000080000000, 0x0000000100000000)
  region size 1024K, 4 young (4096K), 4 survivors (4096K)
 Metaspace       used 89705K, capacity 91701K, committed 91776K, reserved 1128448K
  class space    used 11661K, capacity 12373K, committed 12416K, reserved 1048576K
}
Event: 21.013 GC heap before
{Heap before GC invocations=40 (full 0):
 garbage-first heap   total 239616K, used 188416K [0x0000000080000000, 0x0000000100000000)
  region size 1024K, 26 young (26624K), 4 survivors (4096K)
 Metaspace       used 89717K, capacity 91702K, committed 91776K, reserved 1128448K
  class space    used 11661K, capacity 12373K, committed 12416K, reserved 1048576K
}

