# JRE version: OpenJDK Runtime Environment (11.0.8+10) (build 11.0.8+10-b944.6842174)
# Java VM: OpenJDK 64-Bit Server VM (11.0.8+10-b944.6842174, mixed mode, tiered, compressed oops, g1 gc, windows-amd64)
Heap:
 garbage-first heap   total 79872K, used 48297K [0x00000000c1600000, 0x0000000100000000)
  region size 1024K, 23 young (23552K), 3 survivors (3072K)
 Metaspace       used 44578K, capacity 45033K, committed 45136K, reserved 1089536K
  class space    used 5239K, capacity 5407K, committed 5504K, reserved 1048576K
GC Heap History (16 events):
Event: 0.435 GC heap before
{Heap before GC invocations=0 (full 0):
 garbage-first heap   total 65536K, used 17408K [0x00000000c1600000, 0x0000000100000000)
  region size 1024K, 14 young (14336K), 0 survivors (0K)
 Metaspace       used 9794K, capacity 9871K, committed 10112K, reserved 1058816K
  class space    used 829K, capacity 884K, committed 896K, reserved 1048576K
}
Event: 0.439 GC heap after
{Heap after GC invocations=1 (full 0):
 garbage-first heap   total 65536K, used 5120K [0x00000000c1600000, 0x0000000100000000)
  region size 1024K, 2 young (2048K), 2 survivors (2048K)
 Metaspace       used 9794K, capacity 9871K, committed 10112K, reserved 1058816K
  class space    used 829K, capacity 884K, committed 896K, reserved 1048576K
}
Event: 1.290 GC heap before
{Heap before GC invocations=1 (full 0):
 garbage-first heap   total 65536K, used 41984K [0x00000000c1600000, 0x0000000100000000)
  region size 1024K, 38 young (38912K), 2 survivors (2048K)
 Metaspace       used 18448K, capacity 18618K, committed 18944K, reserved 1067008K
  class space    used 1902K, capacity 1966K, committed 2048K, reserved 1048576K
}
Event: 1.303 GC heap after
{Heap after GC invocations=2 (full 0):
 garbage-first heap   total 65536K, used 8838K [0x00000000c1600000, 0x0000000100000000)
  region size 1024K, 5 young (5120K), 5 survivors (5120K)
 Metaspace       used 18448K, capacity 18618K, committed 18944K, reserved 1067008K
  class space    used 1902K, capacity 1966K, committed 2048K, reserved 1048576K
}
Event: 1.472 GC heap before
{Heap before GC invocations=2 (full 0):
 garbage-first heap   total 65536K, used 18054K [0x00000000c1600000, 0x0000000100000000)
  region size 1024K, 15 young (15360K), 5 survivors (5120K)
 Metaspace       used 21019K, capacity 21221K, committed 21248K, reserved 1069056K
  class space    used 2220K, capacity 2284K, committed 2304K, reserved 1048576K
}
Event: 1.488 GC heap after
{Heap after GC invocations=3 (full 0):
 garbage-first heap   total 65536K, used 9633K [0x00000000c1600000, 0x0000000100000000)
  region size 1024K, 1 young (1024K), 1 survivors (1024K)
 Metaspace       used 21019K, capacity 21221K, committed 21248K, reserved 1069056K
  class space    used 2220K, capacity 2284K, committed 2304K, reserved 1048576K
}
Event: 2.422 GC heap before
{Heap before GC invocations=4 (full 0):
 garbage-first heap   total 65536K, used 38305K [0x00000000c1600000, 0x0000000100000000)
  region size 1024K, 24 young (24576K), 1 survivors (1024K)
 Metaspace       used 26871K, capacity 27293K, committed 27388K, reserved 1073152K
  class space    used 2903K, capacity 3043K, committed 3072K, reserved 1048576K
}
Event: 2.429 GC heap after
{Heap after GC invocations=5 (full 0):
 garbage-first heap   total 65536K, used 17339K [0x00000000c1600000, 0x0000000100000000)
  region size 1024K, 3 young (3072K), 3 survivors (3072K)
 Metaspace       used 26871K, capacity 27293K, committed 27388K, reserved 1073152K
  class space    used 2903K, capacity 3043K, committed 3072K, reserved 1048576K
}
Event: 4.986 GC heap before
{Heap before GC invocations=5 (full 0):
 garbage-first heap   total 65536K, used 43963K [0x00000000c1600000, 0x0000000100000000)
  region size 1024K, 25 young (25600K), 3 survivors (3072K)
 Metaspace       used 29432K, capacity 29815K, committed 30076K, reserved 1075200K
  class space    used 3461K, capacity 3628K, committed 3712K, reserved 1048576K
}
Event: 5.008 GC heap after
{Heap after GC invocations=6 (full 0):
 garbage-first heap   total 79872K, used 21751K [0x00000000c1600000, 0x0000000100000000)
  region size 1024K, 4 young (4096K), 4 survivors (4096K)
 Metaspace       used 29432K, capacity 29815K, committed 30076K, reserved 1075200K
  class space    used 3461K, capacity 3628K, committed 3712K, reserved 1048576K
}
Event: 5.971 GC heap before
{Heap before GC invocations=6 (full 0):
 garbage-first heap   total 79872K, used 51447K [0x00000000c1600000, 0x0000000100000000)
  region size 1024K, 31 young (31744K), 4 survivors (4096K)
 Metaspace       used 35139K, capacity 35624K, committed 35836K, reserved 1081344K
  class space    used 4113K, capacity 4282K, committed 4352K, reserved 1048576K
}
Event: 5.986 GC heap after
{Heap after GC invocations=7 (full 0):
 garbage-first heap   total 79872K, used 24418K [0x00000000c1600000, 0x0000000100000000)
  region size 1024K, 3 young (3072K), 3 survivors (3072K)
 Metaspace       used 35139K, capacity 35624K, committed 35836K, reserved 1081344K
  class space    used 4113K, capacity 4282K, committed 4352K, reserved 1048576K
}
Event: 6.027 GC heap before
{Heap before GC invocations=7 (full 0):
 garbage-first heap   total 79872K, used 26466K [0x00000000c1600000, 0x0000000100000000)
  region size 1024K, 6 young (6144K), 3 survivors (3072K)
 Metaspace       used 35564K, capacity 35982K, committed 36048K, reserved 1081344K
  class space    used 4152K, capacity 4315K, committed 4352K, reserved 1048576K
}
Event: 6.035 GC heap after
{Heap after GC invocations=8 (full 0):
 garbage-first heap   total 79872K, used 25114K [0x00000000c1600000, 0x0000000100000000)
  region size 1024K, 1 young (1024K), 1 survivors (1024K)
 Metaspace       used 35564K, capacity 35982K, committed 36048K, reserved 1081344K
  class space    used 4152K, capacity 4315K, committed 4352K, reserved 1048576K
}
Event: 6.634 GC heap before
{Heap before GC invocations=9 (full 0):
 garbage-first heap   total 79872K, used 50714K [0x00000000c1600000, 0x0000000100000000)
  region size 1024K, 26 young (26624K), 1 survivors (1024K)
 Metaspace       used 41400K, capacity 41873K, committed 42192K, reserved 1087488K
  class space    used 4890K, capacity 5060K, committed 5120K, reserved 1048576K
}
Event: 6.639 GC heap after
{Heap after GC invocations=10 (full 0):
 garbage-first heap   total 79872K, used 26793K [0x00000000c1600000, 0x0000000100000000)
  region size 1024K, 3 young (3072K), 3 survivors (3072K)
 Metaspace       used 41400K, capacity 41873K, committed 42192K, reserved 1087488K
  class space    used 4890K, capacity 5060K, committed 5120K, reserved 1048576K
}

