# JRE version: OpenJDK Runtime Environment (11.0.8+10) (build 11.0.8+10-b944.6842174)
# Java VM: OpenJDK 64-Bit Server VM (11.0.8+10-b944.6842174, mixed mode, tiered, compressed oops, g1 gc, windows-amd64)
Heap:
 garbage-first heap   total 427008K, used 194816K [0x0000000080000000, 0x0000000100000000)
  region size 1024K, 5 young (5120K), 5 survivors (5120K)
 Metaspace       used 92362K, capacity 94433K, committed 94464K, reserved 1130496K
  class space    used 11985K, capacity 12772K, committed 12800K, reserved 1048576K
GC Heap History (20 events):
Event: 21.435 GC heap after
{Heap after GC invocations=27 (full 0):
 garbage-first heap   total 165888K, used 73152K [0x0000000080000000, 0x0000000100000000)
  region size 1024K, 5 young (5120K), 5 survivors (5120K)
 Metaspace       used 79259K, capacity 81133K, committed 81408K, reserved 1120256K
  class space    used 10254K, capacity 10910K, committed 11008K, reserved 1048576K
}
Event: 22.679 GC heap before
{Heap before GC invocations=27 (full 0):
 garbage-first heap   total 165888K, used 128448K [0x0000000080000000, 0x0000000100000000)
  region size 1024K, 60 young (61440K), 5 survivors (5120K)
 Metaspace       used 79676K, capacity 81515K, committed 81664K, reserved 1120256K
  class space    used 10270K, capacity 10924K, committed 11008K, reserved 1048576K
}
Event: 22.703 GC heap after
{Heap after GC invocations=28 (full 0):
 garbage-first heap   total 165888K, used 75940K [0x0000000080000000, 0x0000000100000000)
  region size 1024K, 7 young (7168K), 7 survivors (7168K)
 Metaspace       used 79676K, capacity 81515K, committed 81664K, reserved 1120256K
  class space    used 10270K, capacity 10924K, committed 11008K, reserved 1048576K
}
Event: 23.722 GC heap before
{Heap before GC invocations=28 (full 0):
 garbage-first heap   total 165888K, used 131236K [0x0000000080000000, 0x0000000100000000)
  region size 1024K, 62 young (63488K), 7 survivors (7168K)
 Metaspace       used 82256K, capacity 84142K, committed 84352K, reserved 1122304K
  class space    used 10624K, capacity 11318K, committed 11392K, reserved 1048576K
}
Event: 23.753 GC heap after
{Heap after GC invocations=29 (full 0):
 garbage-first heap   total 199680K, used 78888K [0x0000000080000000, 0x0000000100000000)
  region size 1024K, 7 young (7168K), 7 survivors (7168K)
 Metaspace       used 82256K, capacity 84142K, committed 84352K, reserved 1122304K
  class space    used 10624K, capacity 11318K, committed 11392K, reserved 1048576K
}
Event: 25.400 GC heap before
{Heap before GC invocations=29 (full 0):
 garbage-first heap   total 199680K, used 145448K [0x0000000080000000, 0x0000000100000000)
  region size 1024K, 73 young (74752K), 7 survivors (7168K)
 Metaspace       used 84290K, capacity 86170K, committed 86400K, reserved 1124352K
  class space    used 10848K, capacity 11564K, committed 11648K, reserved 1048576K
}
Event: 25.440 GC heap after
{Heap after GC invocations=30 (full 0):
 garbage-first heap   total 199680K, used 86039K [0x0000000080000000, 0x0000000100000000)
  region size 1024K, 10 young (10240K), 10 survivors (10240K)
 Metaspace       used 84290K, capacity 86170K, committed 86400K, reserved 1124352K
  class space    used 10848K, capacity 11564K, committed 11648K, reserved 1048576K
}
Event: 26.888 GC heap before
{Heap before GC invocations=30 (full 0):
 garbage-first heap   total 199680K, used 155671K [0x0000000080000000, 0x0000000100000000)
  region size 1024K, 68 young (69632K), 10 survivors (10240K)
 Metaspace       used 87211K, capacity 89203K, committed 89344K, reserved 1126400K
  class space    used 11257K, capacity 11978K, committed 12032K, reserved 1048576K
}
Event: 26.925 GC heap after
{Heap after GC invocations=31 (full 0):
 garbage-first heap   total 199680K, used 105044K [0x0000000080000000, 0x0000000100000000)
  region size 1024K, 10 young (10240K), 10 survivors (10240K)
 Metaspace       used 87211K, capacity 89203K, committed 89344K, reserved 1126400K
  class space    used 11257K, capacity 11978K, committed 12032K, reserved 1048576K
}
Event: 28.613 GC heap before
{Heap before GC invocations=32 (full 0):
 garbage-first heap   total 199680K, used 171604K [0x0000000080000000, 0x0000000100000000)
  region size 1024K, 62 young (63488K), 10 survivors (10240K)
 Metaspace       used 87753K, capacity 89662K, committed 89984K, reserved 1126400K
  class space    used 11305K, capacity 12002K, committed 12160K, reserved 1048576K
}
Event: 28.773 GC heap after
{Heap after GC invocations=33 (full 0):
 garbage-first heap   total 202752K, used 129321K [0x0000000080000000, 0x0000000100000000)
  region size 1024K, 8 young (8192K), 8 survivors (8192K)
 Metaspace       used 87753K, capacity 89662K, committed 89984K, reserved 1126400K
  class space    used 11305K, capacity 12002K, committed 12160K, reserved 1048576K
}
Event: 29.967 GC heap before
{Heap before GC invocations=34 (full 0):
 garbage-first heap   total 202752K, used 164137K [0x0000000080000000, 0x0000000100000000)
  region size 1024K, 41 young (41984K), 8 survivors (8192K)
 Metaspace       used 89668K, capacity 91593K, committed 91776K, reserved 1128448K
  class space    used 11655K, capacity 12385K, committed 12416K, reserved 1048576K
}
Event: 30.042 GC heap after
{Heap after GC invocations=35 (full 0):
 garbage-first heap   total 285696K, used 141312K [0x0000000080000000, 0x0000000100000000)
  region size 1024K, 6 young (6144K), 6 survivors (6144K)
 Metaspace       used 89668K, capacity 91593K, committed 91776K, reserved 1128448K
  class space    used 11655K, capacity 12385K, committed 12416K, reserved 1048576K
}
Event: 30.746 GC heap before
{Heap before GC invocations=35 (full 0):
 garbage-first heap   total 285696K, used 201728K [0x0000000080000000, 0x0000000100000000)
  region size 1024K, 66 young (67584K), 6 survivors (6144K)
 Metaspace       used 89720K, capacity 91728K, committed 91776K, reserved 1128448K
  class space    used 11655K, capacity 12385K, committed 12416K, reserved 1048576K
}
Event: 30.877 GC heap after
{Heap after GC invocations=36 (full 0):
 garbage-first heap   total 285696K, used 174592K [0x0000000080000000, 0x0000000100000000)
  region size 1024K, 9 young (9216K), 9 survivors (9216K)
 Metaspace       used 89720K, capacity 91728K, committed 91776K, reserved 1128448K
  class space    used 11655K, capacity 12385K, committed 12416K, reserved 1048576K
}
Event: 32.762 GC heap before
{Heap before GC invocations=37 (full 0):
 garbage-first heap   total 285696K, used 215552K [0x0000000080000000, 0x0000000100000000)
  region size 1024K, 50 young (51200K), 9 survivors (9216K)
 Metaspace       used 91395K, capacity 93384K, committed 93568K, reserved 1130496K
  class space    used 11873K, capacity 12648K, committed 12672K, reserved 1048576K
}
Event: 32.846 GC heap after
{Heap after GC invocations=38 (full 0):
 garbage-first heap   total 285696K, used 189440K [0x0000000080000000, 0x0000000100000000)
  region size 1024K, 7 young (7168K), 7 survivors (7168K)
 Metaspace       used 91395K, capacity 93384K, committed 93568K, reserved 1130496K
  class space    used 11873K, capacity 12648K, committed 12672K, reserved 1048576K
}
Event: 33.700 GC heap before
{Heap before GC invocations=38 (full 0):
 garbage-first heap   total 285696K, used 224256K [0x0000000080000000, 0x0000000100000000)
  region size 1024K, 42 young (43008K), 7 survivors (7168K)
 Metaspace       used 92213K, capacity 94265K, committed 94464K, reserved 1130496K
  class space    used 11967K, capacity 12766K, committed 12800K, reserved 1048576K
}
Event: 33.755 GC heap after
{Heap after GC invocations=39 (full 0):
 garbage-first heap   total 285696K, used 195959K [0x0000000080000000, 0x0000000100000000)
  region size 1024K, 6 young (6144K), 6 survivors (6144K)
 Metaspace       used 92213K, capacity 94265K, committed 94464K, reserved 1130496K
  class space    used 11967K, capacity 12766K, committed 12800K, reserved 1048576K
}
Event: 35.053 GC heap before
{Heap before GC invocations=39 (full 0):
 garbage-first heap   total 285696K, used 223607K [0x0000000080000000, 0x0000000100000000)
  region size 1024K, 39 young (39936K), 6 survivors (6144K)
 Metaspace       used 92362K, capacity 94433K, committed 94464K, reserved 1130496K
  class space    used 11985K, capacity 12772K, committed 12800K, reserved 1048576K
}

