# JRE version: OpenJDK Runtime Environment (11.0.8+10) (build 11.0.8+10-b944.6842174)
# Java VM: OpenJDK 64-Bit Server VM (11.0.8+10-b944.6842174, mixed mode, tiered, compressed oops, g1 gc, windows-amd64)
Heap:
 garbage-first heap   total 585728K, used 262144K [0x0000000080000000, 0x0000000100000000)
  region size 1024K, 5 young (5120K), 5 survivors (5120K)
 Metaspace       used 116367K, capacity 118809K, committed 119040K, reserved 1153024K
  class space    used 14374K, capacity 15245K, committed 15360K, reserved 1048576K
GC Heap History (20 events):
Event: 46.390 GC heap after
{Heap after GC invocations=56 (full 0):
 garbage-first heap   total 239616K, used 121657K [0x0000000080000000, 0x0000000100000000)
  region size 1024K, 10 young (10240K), 10 survivors (10240K)
 Metaspace       used 107719K, capacity 109987K, committed 110208K, reserved 1144832K
  class space    used 13126K, capacity 13871K, committed 13952K, reserved 1048576K
}
Event: 46.427 GC heap before
{Heap before GC invocations=56 (full 0):
 garbage-first heap   total 239616K, used 122681K [0x0000000080000000, 0x0000000100000000)
  region size 1024K, 11 young (11264K), 10 survivors (10240K)
 Metaspace       used 107728K, capacity 109987K, committed 110208K, reserved 1144832K
  class space    used 13126K, capacity 13871K, committed 13952K, reserved 1048576K
}
Event: 46.455 GC heap after
{Heap after GC invocations=57 (full 0):
 garbage-first heap   total 289792K, used 117364K [0x0000000080000000, 0x0000000100000000)
  region size 1024K, 2 young (2048K), 2 survivors (2048K)
 Metaspace       used 107728K, capacity 109987K, committed 110208K, reserved 1144832K
  class space    used 13126K, capacity 13871K, committed 13952K, reserved 1048576K
}
Event: 48.091 GC heap before
{Heap before GC invocations=57 (full 0):
 garbage-first heap   total 289792K, used 222836K [0x0000000080000000, 0x0000000100000000)
  region size 1024K, 106 young (108544K), 2 survivors (2048K)
 Metaspace       used 108645K, capacity 110908K, committed 111104K, reserved 1146880K
  class space    used 13234K, capacity 14001K, committed 14080K, reserved 1048576K
}
Event: 48.119 GC heap after
{Heap after GC invocations=58 (full 0):
 garbage-first heap   total 289792K, used 125210K [0x0000000080000000, 0x0000000100000000)
  region size 1024K, 10 young (10240K), 10 survivors (10240K)
 Metaspace       used 108645K, capacity 110908K, committed 111104K, reserved 1146880K
  class space    used 13234K, capacity 14001K, committed 14080K, reserved 1048576K
}
Event: 49.063 GC heap before
{Heap before GC invocations=58 (full 0):
 garbage-first heap   total 289792K, used 221466K [0x0000000080000000, 0x0000000100000000)
  region size 1024K, 105 young (107520K), 10 survivors (10240K)
 Metaspace       used 109238K, capacity 111554K, committed 111744K, reserved 1146880K
  class space    used 13302K, capacity 14086K, committed 14208K, reserved 1048576K
}
Event: 49.092 GC heap after
{Heap after GC invocations=59 (full 0):
 garbage-first heap   total 289792K, used 132996K [0x0000000080000000, 0x0000000100000000)
  region size 1024K, 9 young (9216K), 9 survivors (9216K)
 Metaspace       used 109238K, capacity 111554K, committed 111744K, reserved 1146880K
  class space    used 13302K, capacity 14086K, committed 14208K, reserved 1048576K
}
Event: 49.530 GC heap before
{Heap before GC invocations=59 (full 0):
 garbage-first heap   total 289792K, used 170884K [0x0000000080000000, 0x0000000100000000)
  region size 1024K, 45 young (46080K), 9 survivors (9216K)
 Metaspace       used 109500K, capacity 111757K, committed 112000K, reserved 1146880K
  class space    used 13332K, capacity 14129K, committed 14208K, reserved 1048576K
}
Event: 49.551 GC heap after
{Heap after GC invocations=60 (full 0):
 garbage-first heap   total 289792K, used 139935K [0x0000000080000000, 0x0000000100000000)
  region size 1024K, 4 young (4096K), 4 survivors (4096K)
 Metaspace       used 109500K, capacity 111757K, committed 112000K, reserved 1146880K
  class space    used 13332K, capacity 14129K, committed 14208K, reserved 1048576K
}
Event: 50.620 GC heap before
{Heap before GC invocations=61 (full 0):
 garbage-first heap   total 289792K, used 242335K [0x0000000080000000, 0x0000000100000000)
  region size 1024K, 78 young (79872K), 4 survivors (4096K)
 Metaspace       used 112302K, capacity 114687K, committed 114944K, reserved 1148928K
  class space    used 13745K, capacity 14574K, committed 14592K, reserved 1048576K
}
Event: 50.648 GC heap after
{Heap after GC invocations=62 (full 0):
 garbage-first heap   total 289792K, used 179584K [0x0000000080000000, 0x0000000100000000)
  region size 1024K, 10 young (10240K), 10 survivors (10240K)
 Metaspace       used 112302K, capacity 114687K, committed 114944K, reserved 1148928K
  class space    used 13745K, capacity 14574K, committed 14592K, reserved 1048576K
}
Event: 50.676 GC heap before
{Heap before GC invocations=62 (full 0):
 garbage-first heap   total 289792K, used 182656K [0x0000000080000000, 0x0000000100000000)
  region size 1024K, 14 young (14336K), 10 survivors (10240K)
 Metaspace       used 112325K, capacity 114711K, committed 114944K, reserved 1148928K
  class space    used 13747K, capacity 14578K, committed 14592K, reserved 1048576K
}
Event: 50.703 GC heap after
{Heap after GC invocations=63 (full 0):
 garbage-first heap   total 348160K, used 169672K [0x0000000080000000, 0x0000000100000000)
  region size 1024K, 2 young (2048K), 2 survivors (2048K)
 Metaspace       used 112325K, capacity 114711K, committed 114944K, reserved 1148928K
  class space    used 13747K, capacity 14578K, committed 14592K, reserved 1048576K
}
Event: 51.618 GC heap before
{Heap before GC invocations=63 (full 0):
 garbage-first heap   total 348160K, used 255688K [0x0000000080000000, 0x0000000100000000)
  region size 1024K, 85 young (87040K), 2 survivors (2048K)
 Metaspace       used 114343K, capacity 116769K, committed 116864K, reserved 1150976K
  class space    used 14107K, capacity 14942K, committed 14976K, reserved 1048576K
}
Event: 51.699 GC heap after
{Heap after GC invocations=64 (full 0):
 garbage-first heap   total 348160K, used 204800K [0x0000000080000000, 0x0000000100000000)
  region size 1024K, 11 young (11264K), 11 survivors (11264K)
 Metaspace       used 114343K, capacity 116769K, committed 116864K, reserved 1150976K
  class space    used 14107K, capacity 14942K, committed 14976K, reserved 1048576K
}
Event: 52.044 GC heap before
{Heap before GC invocations=64 (full 0):
 garbage-first heap   total 348160K, used 265216K [0x0000000080000000, 0x0000000100000000)
  region size 1024K, 70 young (71680K), 11 survivors (11264K)
 Metaspace       used 114357K, capacity 116772K, committed 116864K, reserved 1150976K
  class space    used 14107K, capacity 14942K, committed 14976K, reserved 1048576K
}
Event: 52.163 GC heap after
{Heap after GC invocations=65 (full 0):
 garbage-first heap   total 348160K, used 238592K [0x0000000080000000, 0x0000000100000000)
  region size 1024K, 9 young (9216K), 9 survivors (9216K)
 Metaspace       used 114357K, capacity 116772K, committed 116864K, reserved 1150976K
  class space    used 14107K, capacity 14942K, committed 14976K, reserved 1048576K
}
Event: 52.684 GC heap before
{Heap before GC invocations=65 (full 0):
 garbage-first heap   total 348160K, used 275456K [0x0000000080000000, 0x0000000100000000)
  region size 1024K, 45 young (46080K), 9 survivors (9216K)
 Metaspace       used 115996K, capacity 118418K, committed 118656K, reserved 1153024K
  class space    used 14330K, capacity 15182K, committed 15232K, reserved 1048576K
}
Event: 52.742 GC heap after
{Heap after GC invocations=66 (full 0):
 garbage-first heap   total 348160K, used 255488K [0x0000000080000000, 0x0000000100000000)
  region size 1024K, 6 young (6144K), 6 survivors (6144K)
 Metaspace       used 115996K, capacity 118418K, committed 118656K, reserved 1153024K
  class space    used 14330K, capacity 15182K, committed 15232K, reserved 1048576K
}
Event: 53.203 GC heap before
{Heap before GC invocations=66 (full 0):
 garbage-first heap   total 348160K, used 282112K [0x0000000080000000, 0x0000000100000000)
  region size 1024K, 33 young (33792K), 6 survivors (6144K)
 Metaspace       used 116367K, capacity 118809K, committed 119040K, reserved 1153024K
  class space    used 14374K, capacity 15245K, committed 15360K, reserved 1048576K
}

