# JRE version: OpenJDK Runtime Environment (11.0.8+10) (build 11.0.8+10-b944.6842174)
# Java VM: OpenJDK 64-Bit Server VM (11.0.8+10-b944.6842174, mixed mode, tiered, compressed oops, g1 gc, windows-amd64)
Heap:
 garbage-first heap   total 165888K, used 90537K [0x0000000080000000, 0x0000000100000000)
  region size 1024K, 5 young (5120K), 2 survivors (2048K)
 Metaspace       used 90882K, capacity 92911K, committed 93184K, reserved 1130496K
  class space    used 11499K, capacity 12195K, committed 12288K, reserved 1048576K
GC Heap History (20 events):
Event: 15.970 GC heap before
{Heap before GC invocations=26 (full 0):
 garbage-first heap   total 138240K, used 95648K [0x0000000080000000, 0x0000000100000000)
  region size 1024K, 37 young (37888K), 3 survivors (3072K)
 Metaspace       used 74194K, capacity 75795K, committed 76032K, reserved 1116160K
  class space    used 9688K, capacity 10238K, committed 10240K, reserved 1048576K
}
Event: 15.982 GC heap after
{Heap after GC invocations=27 (full 0):
 garbage-first heap   total 138240K, used 62700K [0x0000000080000000, 0x0000000100000000)
  region size 1024K, 4 young (4096K), 4 survivors (4096K)
 Metaspace       used 74194K, capacity 75795K, committed 76032K, reserved 1116160K
  class space    used 9688K, capacity 10238K, committed 10240K, reserved 1048576K
}
Event: 17.569 GC heap before
{Heap before GC invocations=27 (full 0):
 garbage-first heap   total 138240K, used 98540K [0x0000000080000000, 0x0000000100000000)
  region size 1024K, 39 young (39936K), 4 survivors (4096K)
 Metaspace       used 77790K, capacity 79558K, committed 79616K, reserved 1118208K
  class space    used 10113K, capacity 10722K, committed 10752K, reserved 1048576K
}
Event: 17.587 GC heap after
{Heap after GC invocations=28 (full 0):
 garbage-first heap   total 138240K, used 65652K [0x0000000080000000, 0x0000000100000000)
  region size 1024K, 5 young (5120K), 5 survivors (5120K)
 Metaspace       used 77790K, capacity 79558K, committed 79616K, reserved 1118208K
  class space    used 10113K, capacity 10722K, committed 10752K, reserved 1048576K
}
Event: 20.015 GC heap before
{Heap before GC invocations=28 (full 0):
 garbage-first heap   total 138240K, used 100468K [0x0000000080000000, 0x0000000100000000)
  region size 1024K, 40 young (40960K), 5 survivors (5120K)
 Metaspace       used 78904K, capacity 80651K, committed 80896K, reserved 1120256K
  class space    used 10241K, capacity 10884K, committed 11008K, reserved 1048576K
}
Event: 20.031 GC heap after
{Heap after GC invocations=29 (full 0):
 garbage-first heap   total 138240K, used 68491K [0x0000000080000000, 0x0000000100000000)
  region size 1024K, 4 young (4096K), 4 survivors (4096K)
 Metaspace       used 78904K, capacity 80651K, committed 80896K, reserved 1120256K
  class space    used 10241K, capacity 10884K, committed 11008K, reserved 1048576K
}
Event: 21.026 GC heap before
{Heap before GC invocations=29 (full 0):
 garbage-first heap   total 138240K, used 103307K [0x0000000080000000, 0x0000000100000000)
  region size 1024K, 39 young (39936K), 4 survivors (4096K)
 Metaspace       used 79115K, capacity 80873K, committed 81152K, reserved 1120256K
  class space    used 10245K, capacity 10888K, committed 11008K, reserved 1048576K
}
Event: 21.037 GC heap after
{Heap after GC invocations=30 (full 0):
 garbage-first heap   total 165888K, used 70858K [0x0000000080000000, 0x0000000100000000)
  region size 1024K, 3 young (3072K), 3 survivors (3072K)
 Metaspace       used 79115K, capacity 80873K, committed 81152K, reserved 1120256K
  class space    used 10245K, capacity 10888K, committed 11008K, reserved 1048576K
}
Event: 22.448 GC heap before
{Heap before GC invocations=31 (full 0):
 garbage-first heap   total 165888K, used 116938K [0x0000000080000000, 0x0000000100000000)
  region size 1024K, 49 young (50176K), 3 survivors (3072K)
 Metaspace       used 79522K, capacity 81395K, committed 81664K, reserved 1120256K
  class space    used 10269K, capacity 10935K, committed 11008K, reserved 1048576K
}
Event: 22.460 GC heap after
{Heap after GC invocations=32 (full 0):
 garbage-first heap   total 165888K, used 73806K [0x0000000080000000, 0x0000000100000000)
  region size 1024K, 6 young (6144K), 6 survivors (6144K)
 Metaspace       used 79522K, capacity 81395K, committed 81664K, reserved 1120256K
  class space    used 10269K, capacity 10935K, committed 11008K, reserved 1048576K
}
Event: 23.745 GC heap before
{Heap before GC invocations=32 (full 0):
 garbage-first heap   total 165888K, used 123982K [0x0000000080000000, 0x0000000100000000)
  region size 1024K, 56 young (57344K), 6 survivors (6144K)
 Metaspace       used 81276K, capacity 83171K, committed 83456K, reserved 1122304K
  class space    used 10509K, capacity 11196K, committed 11264K, reserved 1048576K
}
Event: 23.758 GC heap after
{Heap after GC invocations=33 (full 0):
 garbage-first heap   total 165888K, used 76212K [0x0000000080000000, 0x0000000100000000)
  region size 1024K, 6 young (6144K), 6 survivors (6144K)
 Metaspace       used 81276K, capacity 83171K, committed 83456K, reserved 1122304K
  class space    used 10509K, capacity 11196K, committed 11264K, reserved 1048576K
}
Event: 24.662 GC heap before
{Heap before GC invocations=33 (full 0):
 garbage-first heap   total 165888K, used 127412K [0x0000000080000000, 0x0000000100000000)
  region size 1024K, 57 young (58368K), 6 survivors (6144K)
 Metaspace       used 85968K, capacity 87907K, committed 88192K, reserved 1126400K
  class space    used 11099K, capacity 11790K, committed 11904K, reserved 1048576K
}
Event: 24.682 GC heap after
{Heap after GC invocations=34 (full 0):
 garbage-first heap   total 165888K, used 80787K [0x0000000080000000, 0x0000000100000000)
  region size 1024K, 7 young (7168K), 7 survivors (7168K)
 Metaspace       used 85968K, capacity 87907K, committed 88192K, reserved 1126400K
  class space    used 11099K, capacity 11790K, committed 11904K, reserved 1048576K
}
Event: 72.081 GC heap before
{Heap before GC invocations=34 (full 0):
 garbage-first heap   total 165888K, used 130963K [0x0000000080000000, 0x0000000100000000)
  region size 1024K, 57 young (58368K), 7 survivors (7168K)
 Metaspace       used 90369K, capacity 92476K, committed 92672K, reserved 1130496K
  class space    used 11525K, capacity 12241K, committed 12288K, reserved 1048576K
}
Event: 72.096 GC heap after
{Heap after GC invocations=35 (full 0):
 garbage-first heap   total 165888K, used 82896K [0x0000000080000000, 0x0000000100000000)
  region size 1024K, 4 young (4096K), 4 survivors (4096K)
 Metaspace       used 90369K, capacity 92476K, committed 92672K, reserved 1130496K
  class space    used 11525K, capacity 12241K, committed 12288K, reserved 1048576K
}
Event: 73.270 GC heap before
{Heap before GC invocations=35 (full 0):
 garbage-first heap   total 165888K, used 132048K [0x0000000080000000, 0x0000000100000000)
  region size 1024K, 53 young (54272K), 4 survivors (4096K)
 Metaspace       used 90864K, capacity 92941K, committed 93184K, reserved 1130496K
  class space    used 11531K, capacity 12253K, committed 12288K, reserved 1048576K
}
Event: 73.292 GC heap after
{Heap after GC invocations=36 (full 0):
 garbage-first heap   total 165888K, used 86929K [0x0000000080000000, 0x0000000100000000)
  region size 1024K, 7 young (7168K), 7 survivors (7168K)
 Metaspace       used 90864K, capacity 92941K, committed 93184K, reserved 1130496K
  class space    used 11531K, capacity 12253K, committed 12288K, reserved 1048576K
}
Event: 74.819 GC heap before
{Heap before GC invocations=37 (full 0):
 garbage-first heap   total 165888K, used 133009K [0x0000000080000000, 0x0000000100000000)
  region size 1024K, 53 young (54272K), 7 survivors (7168K)
 Metaspace       used 90847K, capacity 92899K, committed 93184K, reserved 1130496K
  class space    used 11498K, capacity 12193K, committed 12288K, reserved 1048576K
}
Event: 74.840 GC heap after
{Heap after GC invocations=38 (full 0):
 garbage-first heap   total 165888K, used 88489K [0x0000000080000000, 0x0000000100000000)
  region size 1024K, 2 young (2048K), 2 survivors (2048K)
 Metaspace       used 90847K, capacity 92899K, committed 93184K, reserved 1130496K
  class space    used 11498K, capacity 12193K, committed 12288K, reserved 1048576K
}

