# JRE version: OpenJDK Runtime Environment (11.0.8+10) (build 11.0.8+10-b944.6842174)
# Java VM: OpenJDK 64-Bit Server VM (11.0.8+10-b944.6842174, mixed mode, tiered, compressed oops, g1 gc, windows-amd64)
Heap:
 garbage-first heap   total 638976K, used 260096K [0x0000000080000000, 0x0000000100000000)
  region size 1024K, 3 young (3072K), 3 survivors (3072K)
 Metaspace       used 133302K, capacity 137285K, committed 137600K, reserved 1169408K
  class space    used 16885K, capacity 18232K, committed 18304K, reserved 1048576K
GC Heap History (20 events):
Event: 288.226 GC heap after
{Heap after GC invocations=83 (full 0):
 garbage-first heap   total 239616K, used 169081K [0x0000000080000000, 0x0000000100000000)
  region size 1024K, 6 young (6144K), 6 survivors (6144K)
 Metaspace       used 132602K, capacity 136571K, committed 136832K, reserved 1167360K
  class space    used 16847K, capacity 18194K, committed 18304K, reserved 1048576K
}
Event: 288.567 GC heap before
{Heap before GC invocations=83 (full 0):
 garbage-first heap   total 239616K, used 205945K [0x0000000080000000, 0x0000000100000000)
  region size 1024K, 43 young (44032K), 6 survivors (6144K)
 Metaspace       used 132780K, capacity 136739K, committed 136832K, reserved 1167360K
  class space    used 16875K, capacity 18227K, committed 18304K, reserved 1048576K
}
Event: 288.584 GC heap after
{Heap after GC invocations=84 (full 0):
 garbage-first heap   total 239616K, used 171255K [0x0000000080000000, 0x0000000100000000)
  region size 1024K, 6 young (6144K), 6 survivors (6144K)
 Metaspace       used 132780K, capacity 136739K, committed 136832K, reserved 1167360K
  class space    used 16875K, capacity 18227K, committed 18304K, reserved 1048576K
}
Event: 288.783 GC heap before
{Heap before GC invocations=84 (full 0):
 garbage-first heap   total 239616K, used 184567K [0x0000000080000000, 0x0000000100000000)
  region size 1024K, 17 young (17408K), 6 survivors (6144K)
 Metaspace       used 132802K, capacity 136743K, committed 136832K, reserved 1167360K
  class space    used 16876K, capacity 18228K, committed 18304K, reserved 1048576K
}
Event: 288.799 GC heap after
{Heap after GC invocations=85 (full 0):
 garbage-first heap   total 239616K, used 176227K [0x0000000080000000, 0x0000000100000000)
  region size 1024K, 5 young (5120K), 5 survivors (5120K)
 Metaspace       used 132802K, capacity 136743K, committed 136832K, reserved 1167360K
  class space    used 16876K, capacity 18228K, committed 18304K, reserved 1048576K
}
Event: 289.286 GC heap before
{Heap before GC invocations=85 (full 0):
 garbage-first heap   total 239616K, used 234595K [0x0000000080000000, 0x0000000100000000)
  region size 1024K, 36 young (36864K), 5 survivors (5120K)
 Metaspace       used 132835K, capacity 136816K, committed 137088K, reserved 1167360K
  class space    used 16879K, capacity 18231K, committed 18304K, reserved 1048576K
}
Event: 289.305 GC heap after
{Heap after GC invocations=86 (full 0):
 garbage-first heap   total 258048K, used 210704K [0x0000000080000000, 0x0000000100000000)
  region size 1024K, 5 young (5120K), 5 survivors (5120K)
 Metaspace       used 132835K, capacity 136816K, committed 137088K, reserved 1167360K
  class space    used 16879K, capacity 18231K, committed 18304K, reserved 1048576K
}
Event: 289.592 GC heap before
{Heap before GC invocations=86 (full 0):
 garbage-first heap   total 258048K, used 221968K [0x0000000080000000, 0x0000000100000000)
  region size 1024K, 17 young (17408K), 5 survivors (5120K)
 Metaspace       used 132899K, capacity 136883K, committed 137088K, reserved 1167360K
  class space    used 16879K, capacity 18231K, committed 18304K, reserved 1048576K
}
Event: 289.605 GC heap after
{Heap after GC invocations=87 (full 0):
 garbage-first heap   total 258048K, used 215946K [0x0000000080000000, 0x0000000100000000)
  region size 1024K, 3 young (3072K), 3 survivors (3072K)
 Metaspace       used 132899K, capacity 136883K, committed 137088K, reserved 1167360K
  class space    used 16879K, capacity 18231K, committed 18304K, reserved 1048576K
}
Event: 289.749 GC heap before
{Heap before GC invocations=88 (full 0):
 garbage-first heap   total 258048K, used 224138K [0x0000000080000000, 0x0000000100000000)
  region size 1024K, 12 young (12288K), 3 survivors (3072K)
 Metaspace       used 132899K, capacity 136883K, committed 137088K, reserved 1167360K
  class space    used 16879K, capacity 18231K, committed 18304K, reserved 1048576K
}
Event: 289.763 GC heap after
{Heap after GC invocations=89 (full 0):
 garbage-first heap   total 258048K, used 219436K [0x0000000080000000, 0x0000000100000000)
  region size 1024K, 2 young (2048K), 2 survivors (2048K)
 Metaspace       used 132899K, capacity 136883K, committed 137088K, reserved 1167360K
  class space    used 16879K, capacity 18231K, committed 18304K, reserved 1048576K
}
Event: 289.990 GC heap before
{Heap before GC invocations=89 (full 0):
 garbage-first heap   total 258048K, used 228652K [0x0000000080000000, 0x0000000100000000)
  region size 1024K, 12 young (12288K), 2 survivors (2048K)
 Metaspace       used 132905K, capacity 136884K, committed 137088K, reserved 1167360K
  class space    used 16879K, capacity 18231K, committed 18304K, reserved 1048576K
}
Event: 290.024 GC heap after
{Heap after GC invocations=90 (full 0):
 garbage-first heap   total 319488K, used 206347K [0x0000000080000000, 0x0000000100000000)
  region size 1024K, 2 young (2048K), 2 survivors (2048K)
 Metaspace       used 132905K, capacity 136884K, committed 137088K, reserved 1167360K
  class space    used 16879K, capacity 18231K, committed 18304K, reserved 1048576K
}
Event: 290.708 GC heap before
{Heap before GC invocations=90 (full 0):
 garbage-first heap   total 319488K, used 243211K [0x0000000080000000, 0x0000000100000000)
  region size 1024K, 37 young (37888K), 2 survivors (2048K)
 Metaspace       used 132911K, capacity 136884K, committed 137088K, reserved 1167360K
  class space    used 16879K, capacity 18231K, committed 18304K, reserved 1048576K
}
Event: 290.755 GC heap after
{Heap after GC invocations=91 (full 0):
 garbage-first heap   total 319488K, used 221689K [0x0000000080000000, 0x0000000100000000)
  region size 1024K, 5 young (5120K), 5 survivors (5120K)
 Metaspace       used 132911K, capacity 136884K, committed 137088K, reserved 1167360K
  class space    used 16879K, capacity 18231K, committed 18304K, reserved 1048576K
}
Event: 291.087 GC heap before
{Heap before GC invocations=91 (full 0):
 garbage-first heap   total 319488K, used 250361K [0x0000000080000000, 0x0000000100000000)
  region size 1024K, 34 young (34816K), 5 survivors (5120K)
 Metaspace       used 133201K, capacity 137147K, committed 137344K, reserved 1169408K
  class space    used 16885K, capacity 18232K, committed 18304K, reserved 1048576K
}
Event: 291.140 GC heap after
{Heap after GC invocations=92 (full 0):
 garbage-first heap   total 319488K, used 235520K [0x0000000080000000, 0x0000000100000000)
  region size 1024K, 5 young (5120K), 5 survivors (5120K)
 Metaspace       used 133201K, capacity 137147K, committed 137344K, reserved 1169408K
  class space    used 16885K, capacity 18232K, committed 18304K, reserved 1048576K
}
Event: 291.388 GC heap before
{Heap before GC invocations=92 (full 0):
 garbage-first heap   total 319488K, used 258048K [0x0000000080000000, 0x0000000100000000)
  region size 1024K, 28 young (28672K), 5 survivors (5120K)
 Metaspace       used 133296K, capacity 137285K, committed 137600K, reserved 1169408K
  class space    used 16885K, capacity 18232K, committed 18304K, reserved 1048576K
}
Event: 291.432 GC heap after
{Heap after GC invocations=93 (full 0):
 garbage-first heap   total 319488K, used 249344K [0x0000000080000000, 0x0000000100000000)
  region size 1024K, 4 young (4096K), 4 survivors (4096K)
 Metaspace       used 133296K, capacity 137285K, committed 137600K, reserved 1169408K
  class space    used 16885K, capacity 18232K, committed 18304K, reserved 1048576K
}
Event: 291.522 GC heap before
{Heap before GC invocations=93 (full 0):
 garbage-first heap   total 319488K, used 265728K [0x0000000080000000, 0x0000000100000000)
  region size 1024K, 20 young (20480K), 4 survivors (4096K)
 Metaspace       used 133302K, capacity 137285K, committed 137600K, reserved 1169408K
  class space    used 16885K, capacity 18232K, committed 18304K, reserved 1048576K
}

